# JRE version: Java(TM) SE Runtime Environment (8.0_101-b13) (build 1.8.0_101-b13)
# Java VM: Java HotSpot(TM) 64-Bit Server VM (25.101-b13 mixed mode linux-amd64 compressed oops)
Heap:
 PSYoungGen      total 7178240K, used 621219K [0x00000005aab00000, 0x00000007c0000000, 0x00000007c0000000)
  eden space 6017024K, 0% used [0x00000005aab00000,0x00000005aab00000,0x0000000719f00000)
  from space 1161216K, 53% used [0x0000000779200000,0x000000079f0a8c88,0x00000007c0000000)
  to   space 1360384K, 0% used [0x0000000719f00000,0x0000000719f00000,0x000000076cf80000)
 ParOldGen       total 5881344K, used 5881261K [0x0000000180000000, 0x00000002e6f80000, 0x00000005aab00000)
  object space 5881344K, 99% used [0x0000000180000000,0x00000002e6f6b470,0x00000002e6f80000)
 Metaspace       used 48650K, capacity 49261K, committed 49920K, reserved 1091584K
  class space    used 6616K, capacity 6764K, committed 6912K, reserved 1048576K
GC Heap History (10 events):
Event: 2927.434 GC heap after
Heap after GC invocations=31 (full 10):
 PSYoungGen      total 5664768K, used 433467K [0x00000005aab00000, 0x00000007c0000000, 0x00000007c0000000)
  eden space 4513280K, 0% used [0x00000005aab00000,0x00000005aab00000,0x00000006be280000)
  from space 1151488K, 37% used [0x00000006be280000,0x00000006d89cee30,0x0000000704700000)
  to   space 1095168K, 0% used [0x000000077d280000,0x000000077d280000,0x00000007c0000000)
 ParOldGen       total 4371456K, used 3722249K [0x0000000180000000, 0x000000028ad00000, 0x00000005aab00000)
  object space 4371456K, 85% used [0x0000000180000000,0x0000000263302490,0x000000028ad00000)
 Metaspace       used 48385K, capacity 49031K, committed 49920K, reserved 1091584K
  class space    used 6570K, capacity 6731K, committed 6912K, reserved 1048576K
}
Event: 2927.442 GC heap before
{Heap before GC invocations=32 (full 11):
 PSYoungGen      total 5664768K, used 433467K [0x00000005aab00000, 0x00000007c0000000, 0x00000007c0000000)
  eden space 4513280K, 0% used [0x00000005aab00000,0x00000005aab00000,0x00000006be280000)
  from space 1151488K, 37% used [0x00000006be280000,0x00000006d89cee30,0x0000000704700000)
  to   space 1095168K, 0% used [0x000000077d280000,0x000000077d280000,0x00000007c0000000)
 ParOldGen       total 4371456K, used 3722249K [0x0000000180000000, 0x000000028ad00000, 0x00000005aab00000)
  object space 4371456K, 85% used [0x0000000180000000,0x0000000263302490,0x000000028ad00000)
 Metaspace       used 48385K, capacity 49031K, committed 49920K, reserved 1091584K
  class space    used 6570K, capacity 6731K, committed 6912K, reserved 1048576K
Event: 2948.722 GC heap after
Heap after GC invocations=32 (full 11):
 PSYoungGen      total 5664768K, used 0K [0x00000005aab00000, 0x00000007c0000000, 0x00000007c0000000)
  eden space 4513280K, 0% used [0x00000005aab00000,0x00000005aab00000,0x00000006be280000)
  from space 1151488K, 0% used [0x00000006be280000,0x00000006be280000,0x0000000704700000)
  to   space 1095168K, 0% used [0x000000077d280000,0x000000077d280000,0x00000007c0000000)
 ParOldGen       total 5697024K, used 4102773K [0x0000000180000000, 0x00000002dbb80000, 0x00000005aab00000)
  object space 5697024K, 72% used [0x0000000180000000,0x000000027a69d538,0x00000002dbb80000)
 Metaspace       used 48385K, capacity 49031K, committed 49920K, reserved 1091584K
  class space    used 6570K, capacity 6731K, committed 6912K, reserved 1048576K
}
Event: 2966.562 GC heap before
{Heap before GC invocations=33 (full 11):
 PSYoungGen      total 5664768K, used 4513280K [0x00000005aab00000, 0x00000007c0000000, 0x00000007c0000000)
  eden space 4513280K, 100% used [0x00000005aab00000,0x00000006be280000,0x00000006be280000)
  from space 1151488K, 0% used [0x00000006be280000,0x00000006be280000,0x0000000704700000)
  to   space 1095168K, 0% used [0x000000077d280000,0x000000077d280000,0x00000007c0000000)
 ParOldGen       total 5697024K, used 4102773K [0x0000000180000000, 0x00000002dbb80000, 0x00000005aab00000)
  object space 5697024K, 72% used [0x0000000180000000,0x000000027a69d538,0x00000002dbb80000)
 Metaspace       used 48387K, capacity 49031K, committed 49920K, reserved 1091584K
  class space    used 6570K, capacity 6731K, committed 6912K, reserved 1048576K
Event: 2986.377 GC heap after
Heap after GC invocations=33 (full 11):
 PSYoungGen      total 7559680K, used 684512K [0x00000005aab00000, 0x00000007c0000000, 0x00000007c0000000)
  eden space 6464512K, 0% used [0x00000005aab00000,0x00000005aab00000,0x0000000735400000)
  from space 1095168K, 62% used [0x000000077d280000,0x00000007a6ef8180,0x00000007c0000000)
  to   space 1136640K, 0% used [0x0000000735400000,0x0000000735400000,0x000000077aa00000)
 ParOldGen       total 5697024K, used 4102773K [0x0000000180000000, 0x00000002dbb80000, 0x00000005aab00000)
  object space 5697024K, 72% used [0x0000000180000000,0x000000027a69d538,0x00000002dbb80000)
 Metaspace       used 48387K, capacity 49031K, committed 49920K, reserved 1091584K
  class space    used 6570K, capacity 6731K, committed 6912K, reserved 1048576K
}
Event: 3030.482 GC heap before
{Heap before GC invocations=34 (full 11):
 PSYoungGen      total 7559680K, used 7149024K [0x00000005aab00000, 0x00000007c0000000, 0x00000007c0000000)
  eden space 6464512K, 100% used [0x00000005aab00000,0x0000000735400000,0x0000000735400000)
  from space 1095168K, 62% used [0x000000077d280000,0x00000007a6ef8180,0x00000007c0000000)
  to   space 1136640K, 0% used [0x0000000735400000,0x0000000735400000,0x000000077aa00000)
 ParOldGen       total 5697024K, used 4102773K [0x0000000180000000, 0x00000002dbb80000, 0x00000005aab00000)
  object space 5697024K, 72% used [0x0000000180000000,0x000000027a69d538,0x00000002dbb80000)
 Metaspace       used 48407K, capacity 49031K, committed 49920K, reserved 1091584K
  class space    used 6570K, capacity 6731K, committed 6912K, reserved 1048576K
Event: 3206.013 GC heap after
Heap after GC invocations=34 (full 11):
 PSYoungGen      total 7576576K, used 1111777K [0x00000005aab00000, 0x00000007c0000000, 0x00000007c0000000)
  eden space 6464512K, 0% used [0x00000005aab00000,0x00000005aab00000,0x0000000735400000)
  from space 1112064K, 99% used [0x0000000735400000,0x00000007791b8718,0x0000000779200000)
  to   space 1161216K, 0% used [0x0000000779200000,0x0000000779200000,0x00000007c0000000)
 ParOldGen       total 5697024K, used 4776917K [0x0000000180000000, 0x00000002dbb80000, 0x00000005aab00000)
  object space 5697024K, 83% used [0x0000000180000000,0x00000002a38f5558,0x00000002dbb80000)
 Metaspace       used 48407K, capacity 49031K, committed 49920K, reserved 1091584K
  class space    used 6570K, capacity 6731K, committed 6912K, reserved 1048576K
}
Event: 3233.863 GC heap before
{Heap before GC invocations=35 (full 11):
 PSYoungGen      total 7576576K, used 7576289K [0x00000005aab00000, 0x00000007c0000000, 0x00000007c0000000)
  eden space 6464512K, 100% used [0x00000005aab00000,0x0000000735400000,0x0000000735400000)
  from space 1112064K, 99% used [0x0000000735400000,0x00000007791b8718,0x0000000779200000)
  to   space 1161216K, 0% used [0x0000000779200000,0x0000000779200000,0x00000007c0000000)
 ParOldGen       total 5697024K, used 4776917K [0x0000000180000000, 0x00000002dbb80000, 0x00000005aab00000)
  object space 5697024K, 83% used [0x0000000180000000,0x00000002a38f5558,0x00000002dbb80000)
 Metaspace       used 48650K, capacity 49261K, committed 49920K, reserved 1091584K
  class space    used 6616K, capacity 6764K, committed 6912K, reserved 1048576K
Event: 3396.463 GC heap after
Heap after GC invocations=35 (full 11):
 PSYoungGen      total 7178240K, used 809404K [0x00000005aab00000, 0x00000007c0000000, 0x00000007c0000000)
  eden space 6017024K, 0% used [0x00000005aab00000,0x00000005aab00000,0x0000000719f00000)
  from space 1161216K, 69% used [0x0000000779200000,0x00000007aa86f0b0,0x00000007c0000000)
  to   space 1360384K, 0% used [0x0000000719f00000,0x0000000719f00000,0x000000076cf80000)
 ParOldGen       total 5881344K, used 5880832K [0x0000000180000000, 0x00000002e6f80000, 0x00000005aab00000)
  object space 5881344K, 99% used [0x0000000180000000,0x00000002e6f00018,0x00000002e6f80000)
 Metaspace       used 48650K, capacity 49261K, committed 49920K, reserved 1091584K
  class space    used 6616K, capacity 6764K, committed 6912K, reserved 1048576K
}
Event: 3396.559 GC heap before
{Heap before GC invocations=36 (full 12):
 PSYoungGen      total 7178240K, used 809404K [0x00000005aab00000, 0x00000007c0000000, 0x00000007c0000000)
  eden space 6017024K, 0% used [0x00000005aab00000,0x00000005aab00000,0x0000000719f00000)
  from space 1161216K, 69% used [0x0000000779200000,0x00000007aa86f0b0,0x00000007c0000000)
  to   space 1360384K, 0% used [0x0000000719f00000,0x0000000719f00000,0x000000076cf80000)
 ParOldGen       total 5881344K, used 5880832K [0x0000000180000000, 0x00000002e6f80000, 0x00000005aab00000)
  object space 5881344K, 99% used [0x0000000180000000,0x00000002e6f00018,0x00000002e6f80000)
 Metaspace       used 48650K, capacity 49261K, committed 49920K, reserved 1091584K
  class space    used 6616K, capacity 6764K, committed 6912K, reserved 1048576K

