# JRE version: Java(TM) SE Runtime Environment (8.0_101-b13) (build 1.8.0_101-b13)
# Java VM: Java HotSpot(TM) 64-Bit Server VM (25.101-b13 mixed mode linux-amd64 compressed oops)
Heap:
 PSYoungGen      total 5825536K, used 0K [0x00000005aab00000, 0x00000007c0000000, 0x00000007c0000000)
  eden space 2913280K, 0% used [0x00000005aab00000,0x00000005aab00000,0x000000065c800000)
  from space 2912256K, 0% used [0x000000070e400000,0x000000070e400000,0x00000007c0000000)
  to   space 2912256K, 0% used [0x000000065c800000,0x000000065c800000,0x000000070e400000)
 ParOldGen       total 11833344K, used 9550588K [0x0000000180000000, 0x0000000452400000, 0x00000005aab00000)
  object space 11833344K, 80% used [0x0000000180000000,0x00000003c6ebf1f8,0x0000000452400000)
 Metaspace       used 95144K, capacity 96361K, committed 99672K, reserved 1134592K
  class space    used 12367K, capacity 13068K, committed 14168K, reserved 1048576K
GC Heap History (10 events):
Event: 84370.575 GC heap after
Heap after GC invocations=163 (full 67):
 PSYoungGen      total 5825536K, used 1407553K [0x00000005aab00000, 0x00000007c0000000, 0x00000007c0000000)
  eden space 2913280K, 0% used [0x00000005aab00000,0x00000005aab00000,0x000000065c800000)
  from space 2912256K, 48% used [0x000000065c800000,0x00000006b26904d8,0x000000070e400000)
  to   space 2912256K, 0% used [0x000000070e400000,0x000000070e400000,0x00000007c0000000)
 ParOldGen       total 10625536K, used 8487777K [0x0000000180000000, 0x0000000408880000, 0x00000005aab00000)
  object space 10625536K, 79% used [0x0000000180000000,0x00000003860d87e8,0x0000000408880000)
 Metaspace       used 95140K, capacity 96361K, committed 99672K, reserved 1134592K
  class space    used 12367K, capacity 13068K, committed 14168K, reserved 1048576K
}
Event: 84373.734 GC heap before
{Heap before GC invocations=164 (full 67):
 PSYoungGen      total 5825536K, used 4284456K [0x00000005aab00000, 0x00000007c0000000, 0x00000007c0000000)
  eden space 2913280K, 98% used [0x00000005aab00000,0x000000065a479d80,0x000000065c800000)
  from space 2912256K, 48% used [0x000000065c800000,0x00000006b26904d8,0x000000070e400000)
  to   space 2912256K, 0% used [0x000000070e400000,0x000000070e400000,0x00000007c0000000)
 ParOldGen       total 10625536K, used 8487777K [0x0000000180000000, 0x0000000408880000, 0x00000005aab00000)
  object space 10625536K, 79% used [0x0000000180000000,0x00000003860d87e8,0x0000000408880000)
 Metaspace       used 95142K, capacity 96361K, committed 99672K, reserved 1134592K
  class space    used 12367K, capacity 13068K, committed 14168K, reserved 1048576K
Event: 84379.196 GC heap after
Heap after GC invocations=164 (full 67):
 PSYoungGen      total 5825536K, used 1664763K [0x00000005aab00000, 0x00000007c0000000, 0x00000007c0000000)
  eden space 2913280K, 0% used [0x00000005aab00000,0x00000005aab00000,0x000000065c800000)
  from space 2912256K, 57% used [0x000000070e400000,0x0000000773dbec28,0x00000007c0000000)
  to   space 2912256K, 0% used [0x000000065c800000,0x000000065c800000,0x000000070e400000)
 ParOldGen       total 10625536K, used 8952541K [0x0000000180000000, 0x0000000408880000, 0x00000005aab00000)
  object space 10625536K, 84% used [0x0000000180000000,0x00000003a26b76d8,0x0000000408880000)
 Metaspace       used 95142K, capacity 96361K, committed 99672K, reserved 1134592K
  class space    used 12367K, capacity 13068K, committed 14168K, reserved 1048576K
}
Event: 84379.196 GC heap before
{Heap before GC invocations=165 (full 68):
 PSYoungGen      total 5825536K, used 1664763K [0x00000005aab00000, 0x00000007c0000000, 0x00000007c0000000)
  eden space 2913280K, 0% used [0x00000005aab00000,0x00000005aab00000,0x000000065c800000)
  from space 2912256K, 57% used [0x000000070e400000,0x0000000773dbec28,0x00000007c0000000)
  to   space 2912256K, 0% used [0x000000065c800000,0x000000065c800000,0x000000070e400000)
 ParOldGen       total 10625536K, used 8952541K [0x0000000180000000, 0x0000000408880000, 0x00000005aab00000)
  object space 10625536K, 84% used [0x0000000180000000,0x00000003a26b76d8,0x0000000408880000)
 Metaspace       used 95142K, capacity 96361K, committed 99672K, reserved 1134592K
  class space    used 12367K, capacity 13068K, committed 14168K, reserved 1048576K
Event: 84384.351 GC heap after
Heap after GC invocations=165 (full 68):
 PSYoungGen      total 5825536K, used 0K [0x00000005aab00000, 0x00000007c0000000, 0x00000007c0000000)
  eden space 2913280K, 0% used [0x00000005aab00000,0x00000005aab00000,0x000000065c800000)
  from space 2912256K, 0% used [0x000000070e400000,0x000000070e400000,0x00000007c0000000)
  to   space 2912256K, 0% used [0x000000065c800000,0x000000065c800000,0x000000070e400000)
 ParOldGen       total 11833344K, used 8698121K [0x0000000180000000, 0x0000000452400000, 0x00000005aab00000)
  object space 11833344K, 73% used [0x0000000180000000,0x0000000392e42540,0x0000000452400000)
 Metaspace       used 95142K, capacity 96361K, committed 99672K, reserved 1134592K
  class space    used 12367K, capacity 13068K, committed 14168K, reserved 1048576K
}
Event: 84385.591 GC heap before
{Heap before GC invocations=166 (full 68):
 PSYoungGen      total 5825536K, used 2847872K [0x00000005aab00000, 0x00000007c0000000, 0x00000007c0000000)
  eden space 2913280K, 97% used [0x00000005aab00000,0x0000000658820368,0x000000065c800000)
  from space 2912256K, 0% used [0x000000070e400000,0x000000070e400000,0x00000007c0000000)
  to   space 2912256K, 0% used [0x000000065c800000,0x000000065c800000,0x000000070e400000)
 ParOldGen       total 11833344K, used 8698121K [0x0000000180000000, 0x0000000452400000, 0x00000005aab00000)
  object space 11833344K, 73% used [0x0000000180000000,0x0000000392e42540,0x0000000452400000)
 Metaspace       used 95143K, capacity 96361K, committed 99672K, reserved 1134592K
  class space    used 12367K, capacity 13068K, committed 14168K, reserved 1048576K
Event: 84393.162 GC heap after
Heap after GC invocations=166 (full 68):
 PSYoungGen      total 5825536K, used 2328883K [0x00000005aab00000, 0x00000007c0000000, 0x00000007c0000000)
  eden space 2913280K, 0% used [0x00000005aab00000,0x00000005aab00000,0x000000065c800000)
  from space 2912256K, 79% used [0x000000065c800000,0x00000006eaa4cfe0,0x000000070e400000)
  to   space 2912256K, 0% used [0x000000070e400000,0x000000070e400000,0x00000007c0000000)
 ParOldGen       total 11833344K, used 8698121K [0x0000000180000000, 0x0000000452400000, 0x00000005aab00000)
  object space 11833344K, 73% used [0x0000000180000000,0x0000000392e42540,0x0000000452400000)
 Metaspace       used 95143K, capacity 96361K, committed 99672K, reserved 1134592K
  class space    used 12367K, capacity 13068K, committed 14168K, reserved 1048576K
}
Event: 84394.061 GC heap before
{Heap before GC invocations=167 (full 68):
 PSYoungGen      total 5825536K, used 5114775K [0x00000005aab00000, 0x00000007c0000000, 0x00000007c0000000)
  eden space 2913280K, 95% used [0x00000005aab00000,0x0000000654b98db8,0x000000065c800000)
  from space 2912256K, 79% used [0x000000065c800000,0x00000006eaa4cfe0,0x000000070e400000)
  to   space 2912256K, 0% used [0x000000070e400000,0x000000070e400000,0x00000007c0000000)
 ParOldGen       total 11833344K, used 8698121K [0x0000000180000000, 0x0000000452400000, 0x00000005aab00000)
  object space 11833344K, 73% used [0x0000000180000000,0x0000000392e42540,0x0000000452400000)
 Metaspace       used 95144K, capacity 96361K, committed 99672K, reserved 1134592K
  class space    used 12367K, capacity 13068K, committed 14168K, reserved 1048576K
Event: 84399.128 GC heap after
Heap after GC invocations=167 (full 68):
 PSYoungGen      total 5825536K, used 1555463K [0x00000005aab00000, 0x00000007c0000000, 0x00000007c0000000)
  eden space 2913280K, 0% used [0x00000005aab00000,0x00000005aab00000,0x000000065c800000)
  from space 2912256K, 53% used [0x000000070e400000,0x000000076d301e38,0x00000007c0000000)
  to   space 2912256K, 0% used [0x000000065c800000,0x000000065c800000,0x000000070e400000)
 ParOldGen       total 11833344K, used 11183617K [0x0000000180000000, 0x0000000452400000, 0x00000005aab00000)
  object space 11833344K, 94% used [0x0000000180000000,0x000000042a9805c8,0x0000000452400000)
 Metaspace       used 95144K, capacity 96361K, committed 99672K, reserved 1134592K
  class space    used 12367K, capacity 13068K, committed 14168K, reserved 1048576K
}
Event: 84399.130 GC heap before
{Heap before GC invocations=168 (full 69):
 PSYoungGen      total 5825536K, used 1555463K [0x00000005aab00000, 0x00000007c0000000, 0x00000007c0000000)
  eden space 2913280K, 0% used [0x00000005aab00000,0x00000005aab00000,0x000000065c800000)
  from space 2912256K, 53% used [0x000000070e400000,0x000000076d301e38,0x00000007c0000000)
  to   space 2912256K, 0% used [0x000000065c800000,0x000000065c800000,0x000000070e400000)
 ParOldGen       total 11833344K, used 11183617K [0x0000000180000000, 0x0000000452400000, 0x00000005aab00000)
  object space 11833344K, 94% used [0x0000000180000000,0x000000042a9805c8,0x0000000452400000)
 Metaspace       used 95144K, capacity 96361K, committed 99672K, reserved 1134592K
  class space    used 12367K, capacity 13068K, committed 14168K, reserved 1048576K

